<?xml version='1.0' encoding='UTF-8'?>
<testsuite hostname="DESKTOP-4L0B41J" name="Hw2Test" tests="3" errors="0" failures="0" skipped="0" time="0.11" timestamp="2021-10-12T21:41:39">
                     <properties>
[...]
</properties>
                     <testcase classname="Hw2Test" name="Hw2.IntInterpreter" time="0.078">
                                                 
                                               </testcase><testcase classname="Hw2Test" name="Hw2.LetRecInterpreter" time="0.028">
                                                 
                                               </testcase><testcase classname="Hw2Test" name="Hw.aa" time="0.004">
                                                 
                                               </testcase>
                     <system-out><![CDATA[]]></system-out>
                     <system-err><![CDATA[]]></system-err>
                   </testsuite>