<?xml version='1.0' encoding='UTF-8'?>
<testsuite hostname="DESKTOP-4L0B41J" name="HweTest" tests="61" errors="0" failures="0" skipped="0" time="0.106" timestamp="2021-11-19T12:28:23">
                     <properties>
[...]
</properties>
                     <testcase classname="HweTest" name="test with expected result: SkipVal input: skip" time="0.011">
                                                 
                                               </testcase><testcase classname="HweTest" name="test with expected result: BoolVal(true) input: true" time="0.0">
                                                 
                                               </testcase><testcase classname="HweTest" name="test with expected result: BoolVal(false) input: false" time="0.001">
                                                 
                                               </testcase><testcase classname="HweTest" name="test with expected result: IntVal(1) input: let x = 1 in x" time="0.0">
                                                 
                                               </testcase><testcase classname="HweTest" name="test with expected result: IntVal(1) input: 1" time="0.0">
                                                 
                                               </testcase><testcase classname="HweTest" name="test with expected result: IntVal(2) input: 1 + 1" time="0.001">
                                                 
                                               </testcase><testcase classname="HweTest" name="test with expected result: IntVal(0) input: 1 - 1" time="0.0">
                                                 
                                               </testcase><testcase classname="HweTest" name="test with expected result: IntVal(1) input: 1 * 1" time="0.0">
                                                 
                                               </testcase><testcase classname="HweTest" name="test with expected result: IntVal(1) input: 1 / 1" time="0.001">
                                                 
                                               </testcase><testcase classname="HweTest" name="test with expected result: BoolVal(false) input: 1 == 0" time="0.0">
                                                 
                                               </testcase><testcase classname="HweTest" name="test with expected result: BoolVal(true) input: 1 == 1" time="0.0">
                                                 
                                               </testcase><testcase classname="HweTest" name="test with expected result: BoolVal(false) input: 1 &lt;= 0" time="0.001">
                                                 
                                               </testcase><testcase classname="HweTest" name="test with expected result: BoolVal(true) input: 1 &lt;= 10" time="0.0">
                                                 
                                               </testcase><testcase classname="HweTest" name="test with expected result: BoolVal(false) input: not true" time="0.0">
                                                 
                                               </testcase><testcase classname="HweTest" name="test with expected result: BoolVal(true) input: not false" time="0.0">
                                                 
                                               </testcase><testcase classname="HweTest" name="test with expected result: BoolVal(false) input: not 1 == 1" time="0.0">
                                                 
                                               </testcase><testcase classname="HweTest" name="test with expected result: BoolVal(true) input: not 1 == 2" time="0.0">
                                                 
                                               </testcase><testcase classname="HweTest" name="test with expected result: IntVal(1) input: if true then 1 else 2" time="0.0">
                                                 
                                               </testcase><testcase classname="HweTest" name="test with expected result: IntVal(2) input: if false then 1 else 2" time="0.0">
                                                 
                                               </testcase><testcase classname="HweTest" name="test with expected result: IntVal(11) input: let x = 0 in begin while x &lt;= 10 x := x + 1 end ; x" time="0.002">
                                                 
                                               </testcase><testcase classname="HweTest" name="test with expected result: IntVal(0) input: let x = 0 in begin while false x := x + 1 end ; x" time="0.001">
                                                 
                                               </testcase><testcase classname="HweTest" name="test with expected result: IntVal(2) input: let x = 1 in x+1" time="0.002">
                                                 
                                               </testcase><testcase classname="HweTest" name="test with expected result: ProcVal(List(Var(&quot;x&quot;)),Add(Var(&quot;x&quot;),Const(10)),HashMap()) input: proc (x) x + 10" time="0.001">
                                                 
                                               </testcase><testcase classname="HweTest" name="test with expected result: ProcVal(List(Var(&quot;x&quot;), Var(&quot;y&quot;)),Add(Add(Var(&quot;x&quot;),Var(&quot;y&quot;)),Const(10)),HashMap()) input: proc (x,y) x + y + 10" time="0.002">
                                                 
                                               </testcase><testcase classname="HweTest" name="test with expected result: ProcVal(List(Var(&quot;x&quot;), Var(&quot;z&quot;)),Add(Add(Var(&quot;x&quot;),Var(&quot;x&quot;)),Const(10)),HashMap()) input: proc (x,z) x + x + 10" time="0.002">
                                                 
                                               </testcase><testcase classname="HweTest" name="test with expected result: IntVal(13) input: let f = proc (x,y)  x + y + 10 in f (1,2)" time="0.003">
                                                 
                                               </testcase><testcase classname="HweTest" name="test with expected result: IntVal(11) input: let f = proc (x)  x  + 10 in f (1)" time="0.002">
                                                 
                                               </testcase><testcase classname="HweTest" name="test with expected result: IntVal(20) input: let f = proc (x)  x  + 10 in let y = 10 in f &lt;y&gt;" time="0.002">
                                                 
                                               </testcase><testcase classname="HweTest" name="test with expected result: IntVal(5) input: let f = proc (x)  x := 5 in let y = 10 in begin f &lt;y&gt;; y end" time="0.001">
                                                 
                                               </testcase><testcase classname="HweTest" name="test with expected result: IntVal(10) input: let f = proc (x)  x := 5 in let y = 10 in begin f (y); y end" time="0.001">
                                                 
                                               </testcase><testcase classname="HweTest" name="test with expected result: IntVal(15) input: let f = proc (x,y)  x - y + 10 in let y = 10 in let z = 5 in f &lt;y,z&gt;" time="0.003">
                                                 
                                               </testcase><testcase classname="HweTest" name="test with expected result: IntVal(15) input: let f = proc (x,y)  x - y + 10 in let y = 10 in let z = 5 in f (y,z)" time="0.003">
                                                 
                                               </testcase><testcase classname="HweTest" name="test with expected result: IntVal(11) input: let x = 10 in x := 11" time="0.0">
                                                 
                                               </testcase><testcase classname="HweTest" name="test with expected result: SkipVal input: let x = 10 in x := skip" time="0.0">
                                                 
                                               </testcase><testcase classname="HweTest" name="test with expected result: EmptyRecordVal input: {}" time="0.001">
                                                 
                                               </testcase><testcase classname="HweTest" name="test with expected result: RecordVal(Var(&quot;x&quot;),LocVal(0),EmptyRecordVal) input: {x := 1}" time="0.001">
                                                 
                                               </testcase><testcase classname="HweTest" name="test with expected result: RecordVal(Var(&quot;y&quot;),LocVal(0),RecordVal(Var(&quot;x&quot;),LocVal(1),EmptyRecordVal)) input: {y := 1, x := 1}" time="0.0">
                                                 
                                               </testcase><testcase classname="HweTest" name="test with expected result: IntVal(3) input: let z = 1 in begin {y := z := 0, x := z := 3}; z end" time="0.0">
                                                 
                                               </testcase><testcase classname="HweTest" name="test with expected result: IntVal(1) input: let r = {x:=1,y:=2} in r.x" time="0.001">
                                                 
                                               </testcase><testcase classname="HweTest" name="test with expected result: IntVal(3) input: let r = {x:=1,y:={z:=3}} in r.y.z" time="0.002">
                                                 
                                               </testcase><testcase classname="HweTest" name="test with expected result: IntVal(1) input: let r = {x:=1,y:={z:=3}} in r.y := 1" time="0.002">
                                                 
                                               </testcase><testcase classname="HweTest" name="test with expected result: IntVal(1) input: let r = {x:=1,y:={z:=3}} in begin r.y := 1; r.y end" time="0.001">
                                                 
                                               </testcase><testcase classname="HweTest" name="test with expected result: IntVal(1) input: begin {x:=1,y:={z:=3}} end . y := 1" time="0.001">
                                                 
                                               </testcase><testcase classname="HweTest" name="test with expected result: IntVal(2) input: let z = 1 in begin {x:=1,y:={k:=z := 2}} end . y := z" time="0.001">
                                                 
                                               </testcase><testcase classname="HweTest" name="test with expected result: IntVal(2) input: let z = 1 in {x:=1,y:={k:=z := 2}} . y := z" time="0.001">
                                                 
                                               </testcase><testcase classname="HweTest" name="test with expected result: IntVal(1) input: if 0 &lt;= 1 then 1 else 2" time="0.001">
                                                 
                                               </testcase><testcase classname="HweTest" name="test with expected result: IntVal(0) input: let fibo = 
proc (x)
    if x &lt;= 0 then 0 else
      if x &lt;= 2 then 1 else
        let temp = 1 in
        let p = 1 in
        let ret = 1 in
        let y = 3 in
        begin while y &lt;= x
          begin
            temp := ret;
            ret := p + ret;
            p := temp;
            y := y + 1
          end end;
        ret
         in fibo (0)" time="0.009">
                                                 
                                               </testcase><testcase classname="HweTest" name="test with expected result: IntVal(1) input: let fibo = 
proc (x)
    if x &lt;= 0 then 0 else
      if x &lt;= 2 then 1 else
        let temp = 1 in
        let p = 1 in
        let ret = 1 in
        let y = 3 in
        begin while y &lt;= x
          begin
            temp := ret;
            ret := p + ret;
            p := temp;
            y := y + 1
          end end;
        ret
         in fibo (1)" time="0.008">
                                                 
                                               </testcase><testcase classname="HweTest" name="test with expected result: IntVal(1) input: let fibo = 
proc (x)
    if x &lt;= 0 then 0 else
      if x &lt;= 2 then 1 else
        let temp = 1 in
        let p = 1 in
        let ret = 1 in
        let y = 3 in
        begin while y &lt;= x
          begin
            temp := ret;
            ret := p + ret;
            p := temp;
            y := y + 1
          end end;
        ret
         in fibo (2)" time="0.008">
                                                 
                                               </testcase><testcase classname="HweTest" name="test with expected result: IntVal(2) input: let fibo = 
proc (x)
    if x &lt;= 0 then 0 else
      if x &lt;= 2 then 1 else
        let temp = 1 in
        let p = 1 in
        let ret = 1 in
        let y = 3 in
        begin while y &lt;= x
          begin
            temp := ret;
            ret := p + ret;
            p := temp;
            y := y + 1
          end end;
        ret
         in fibo (3)" time="0.006">
                                                 
                                               </testcase><testcase classname="HweTest" name="test with expected result: IntVal(3) input: let fibo = 
proc (x)
    if x &lt;= 0 then 0 else
      if x &lt;= 2 then 1 else
        let temp = 1 in
        let p = 1 in
        let ret = 1 in
        let y = 3 in
        begin while y &lt;= x
          begin
            temp := ret;
            ret := p + ret;
            p := temp;
            y := y + 1
          end end;
        ret
         in fibo (4)" time="0.007">
                                                 
                                               </testcase><testcase classname="HweTest" name="test with expected result: IntVal(55) input: let fibo = 
proc (x)
    if x &lt;= 0 then 0 else
      if x &lt;= 2 then 1 else
        let temp = 1 in
        let p = 1 in
        let ret = 1 in
        let y = 3 in
        begin while y &lt;= x
          begin
            temp := ret;
            ret := p + ret;
            p := temp;
            y := y + 1
          end end;
        ret
         in fibo (10)" time="0.007">
                                                 
                                               </testcase><testcase classname="HweTest" name="test with expected result: SkipVal input: let x = 0 in while x &lt;= 10 x := x + 1" time="0.001">
                                                 
                                               </testcase><testcase classname="HweTest" name="test with expected result: IntVal(0) input: let cnt = 0 in let f = proc (x) let cnt = cnt + 1 in x in let a = f ( f(1)) in cnt" time="0.0">
                                                 
                                               </testcase><testcase classname="HweTest" name="test with expected result: IntVal(3) input: let cnt = 0 in let f = proc (x) begin cnt := cnt + 1; cnt end in let a = f (1) in let b = f (1) in a + b" time="0.0">
                                                 
                                               </testcase><testcase classname="HweTest" name="test with expected result: IntVal(2) input: let f = proc (x) let cnt = 0 in begin cnt := cnt + 1; cnt end in let a = f (1) in let b = f (1) in a + b" time="0.0">
                                                 
                                               </testcase><testcase classname="HweTest" name="test with expected result: IntVal(4) input: let x = 3 in let f = proc (x) proc (y) begin x := 4; y end in f &lt;x&gt; &lt;x&gt;" time="0.0">
                                                 
                                               </testcase><testcase classname="HweTest" name="test with expected result: IntVal(2) input: let x = 3 in let f = proc (x) proc (y) begin x := 4; y end in f &lt;x&gt; (2)" time="0.001">
                                                 
                                               </testcase><testcase classname="HweTest" name="test with expected result: IntVal(4) input: let r = {x:=1,y:=3} in let z = r.x in let w = r.y in z + w" time="0.001">
                                                 
                                               </testcase><testcase classname="HweTest" name="test with expected result: IntVal(3) input: let x = 1 in let y = 2 in let fx = proc (x, y) x + y in let fy = proc (x,y) x - y in let r = {add := fx(x, y), sub := fy(x, y)} in r.add" time="0.002">
                                                 
                                               </testcase><testcase classname="HweTest" name="test with expected result: IntVal(0) input: let x = 1 in let y = 2 in let fx = proc (x, y) x + y in let fy = proc (x,y) x - y in let r = {funx := fx, funy := fy} in r.funx(x,r.funy(x,y))" time="0.004">
                                                 
                                               </testcase>
                     <system-out><![CDATA[]]></system-out>
                     <system-err><![CDATA[]]></system-err>
                   </testsuite>